<?xml version="1.0" encoding="UTF-8"?>
<!-- Generated by org.testng.reporters.JUnitReportReporter -->
<testsuite hostname="Mohammeds-Laptop.local" failures="0" tests="1" name="pages.HomePageTest" time="51.107" errors="0" timestamp="2023-12-30T03:50:55 EST" skipped="0">
  <testcase classname="pages.HomePageTest" name="inputTextInUserIdAndPasswordFieldThenClickLoginButtonTest" time="51.107"/>
  <system-out>
    <![CDATA[Proxy element for: DefaultElementLocator 'By.xpath: //a[@id='header_sign_in']'<---------> has been clicked<br>
shailakhnaum7@gmail.com <-----> has been put into <-----> [[EdgeDriver: MicrosoftEdge on mac (810ee71fec7672be92cfc4d70acc5282)] -> xpath: //input[@id='signInName']]<br>
Tasfia4922! <-----> has been put into <-----> [[EdgeDriver: MicrosoftEdge on mac (810ee71fec7672be92cfc4d70acc5282)] -> xpath: //input[@id='password']]<br>
Sleeping ... zZz 5<br>
[[EdgeDriver: MicrosoftEdge on mac (810ee71fec7672be92cfc4d70acc5282)] -> xpath: //button[@id='next']]<---------> has been clicked<br>
Sleeping ... zZz 10<br>]]>
  </system-out>
</testsuite> <!-- pages.HomePageTest -->
