<?xml version="1.0" encoding="UTF-8"?>
<!-- Generated by org.testng.reporters.JUnitReportReporter -->
<testsuite hostname="Mohammeds-Laptop.local" failures="0" tests="1" name="pages.SearchPageTest" time="126.216" errors="0" timestamp="2023-12-31T00:32:53 EST" skipped="0">
  <testcase classname="pages.SearchPageTest" name="search" time="126.216"/>
  <system-out>
    <![CDATA[[[ChromeDriver: chrome on mac (928b35a8a92a454fb4ad659268db2d14)] -> xpath: //input[@id='search-field']]<---------> has been clicked<br>
Moiserizer <-----> has been put into <-----> [[ChromeDriver: chrome on mac (928b35a8a92a454fb4ad659268db2d14)] -> xpath: //input[@id='search-field']]<br>
[[ChromeDriver: chrome on mac (928b35a8a92a454fb4ad659268db2d14)] -> id: retain-search-close]<---------> has been clicked<br>
Body Lotion <-----> has been put into <-----> [[ChromeDriver: chrome on mac (928b35a8a92a454fb4ad659268db2d14)] -> xpath: //input[@id='search-field']]<br>
Javascript Executor executing to view ...arguments[0].scrollIntoView(true); on the element of ---> [[ChromeDriver: chrome on mac (928b35a8a92a454fb4ad659268db2d14)] -> id: productTileLink_0]<br>
Proxy element for: DefaultElementLocator 'By.id: productTileLink_0'<---------> has been clicked<br>
[[ChromeDriver: chrome on mac (928b35a8a92a454fb4ad659268db2d14)] -> xpath: //*[@id='add-to-cart-btn']]<---------> has been clicked<br>
Proxy element for: DefaultElementLocator 'By.xpath: //*[@id='costcoModalText']/div[2]/div[2]/a/button'<---------> has been clicked<br>
[[ChromeDriver: chrome on mac (928b35a8a92a454fb4ad659268db2d14)] -> xpath: //input[@id='search-field']]<---------> has been clicked<br>
shampoo <-----> has been put into <-----> [[ChromeDriver: chrome on mac (928b35a8a92a454fb4ad659268db2d14)] -> xpath: //input[@id='search-field']] and then clicked by Enter Key<br>
Javascript Executor executing to view ...arguments[0].scrollIntoView(true); on the element of ---> [[ChromeDriver: chrome on mac (928b35a8a92a454fb4ad659268db2d14)] -> xpath: //*[@id='productTileLink_0']/img]<br>
Proxy element for: DefaultElementLocator 'By.xpath: //*[@id='productTileLink_0']/img'<---------> has been clicked<br>
[[ChromeDriver: chrome on mac (928b35a8a92a454fb4ad659268db2d14)] -> xpath: //*[@id='add-to-cart-btn']]<---------> has been clicked<br>
[[ChromeDriver: chrome on mac (928b35a8a92a454fb4ad659268db2d14)] -> xpath: //*[@id='costcoModalText']/div[2]/div[1]/button]<---------> has been clicked<br>
[[ChromeDriver: chrome on mac (928b35a8a92a454fb4ad659268db2d14)] -> id: cart-d]<---------> has been clicked<br>
Javascript Executor executing to view ...arguments[0].scrollIntoView(true); on the element of ---> [[ChromeDriver: chrome on mac (928b35a8a92a454fb4ad659268db2d14)] -> xpath: //*[@id='order-item_2']/div/div[3]/div/div/div/div]<br>
[[ChromeDriver: chrome on mac (928b35a8a92a454fb4ad659268db2d14)] -> xpath: //*[@id='order-item_2']/div/div[3]/div/div/div/div]<---------> has been clicked<br>
Sleeping ... zZz 10<br>
Proxy element for: DefaultElementLocator 'By.xpath: //input[@id='shopCartCheckoutSubmitButton']'<---------> has been clicked<br>]]>
  </system-out>
</testsuite> <!-- pages.SearchPageTest -->
